<?xml version="1.0" encoding="UTF-8"?>
<testng-results skipped="0" failed="0" ignored="0" total="1" passed="1">
  <reporter-output>
  </reporter-output>
  <suite name="Default suite" duration-ms="14289" started-at="2020-02-07T12:04:11 IST" finished-at="2020-02-07T12:04:26 IST">
    <groups>
    </groups>
    <test name="Default test" duration-ms="14289" started-at="2020-02-07T12:04:11 IST" finished-at="2020-02-07T12:04:26 IST">
      <class name="TestNGP.practice">
        <test-method status="PASS" signature="setup()[pri:0, instance:TestNGP.practice@6ddf90b0]" name="setup" is-config="true" duration-ms="13608" started-at="2020-02-07T12:04:11 IST" finished-at="2020-02-07T12:04:25 IST">
          <reporter-output>
          </reporter-output>
        </test-method> <!-- setup -->
        <test-method status="PASS" signature="LogIn()[pri:0, instance:TestNGP.practice@6ddf90b0]" name="LogIn" duration-ms="618" started-at="2020-02-07T12:04:25 IST" finished-at="2020-02-07T12:04:26 IST">
          <reporter-output>
          </reporter-output>
        </test-method> <!-- LogIn -->
      </class> <!-- TestNGP.practice -->
    </test> <!-- Default test -->
  </suite> <!-- Default suite -->
</testng-results>
